c:\users\maria salas\source\repos\proyectoversionfinal\proyectoversionfinal\debug\vc141.pdb
c:\users\maria salas\source\repos\proyectoversionfinal\proyectoversionfinal\debug\vc141.idb
c:\users\maria salas\source\repos\proyectoversionfinal\proyectoversionfinal\debug\productoperecedero.obj
c:\users\maria salas\source\repos\proyectoversionfinal\proyectoversionfinal\debug\productonoperecedero.obj
c:\users\maria salas\source\repos\proyectoversionfinal\proyectoversionfinal\debug\producto.obj
c:\users\maria salas\source\repos\proyectoversionfinal\proyectoversionfinal\debug\monederoelectronico.obj
c:\users\maria salas\source\repos\proyectoversionfinal\proyectoversionfinal\debug\menuprincipal.obj
c:\users\maria salas\source\repos\proyectoversionfinal\proyectoversionfinal\debug\menucobro.obj
c:\users\maria salas\source\repos\proyectoversionfinal\proyectoversionfinal\debug\menuadministrador.obj
c:\users\maria salas\source\repos\proyectoversionfinal\proyectoversionfinal\debug\maquina.obj
c:\users\maria salas\source\repos\proyectoversionfinal\proyectoversionfinal\debug\main.obj
c:\users\maria salas\source\repos\proyectoversionfinal\proyectoversionfinal\debug\herramienta.obj
c:\users\maria salas\source\repos\proyectoversionfinal\proyectoversionfinal\debug\fecha.obj
c:\users\maria salas\source\repos\proyectoversionfinal\proyectoversionfinal\debug\coleccionproducto.obj
c:\users\maria salas\source\repos\proyectoversionfinal\debug\proyectoversionfinal.exe
c:\users\maria salas\source\repos\proyectoversionfinal\debug\proyectoversionfinal.ilk
c:\users\maria salas\source\repos\proyectoversionfinal\debug\proyectoversionfinal.pdb
c:\users\maria salas\source\repos\proyectoversionfinal\proyectoversionfinal\debug\proyecto.3fb1c4bc.tlog\cl.command.1.tlog
c:\users\maria salas\source\repos\proyectoversionfinal\proyectoversionfinal\debug\proyecto.3fb1c4bc.tlog\cl.read.1.tlog
c:\users\maria salas\source\repos\proyectoversionfinal\proyectoversionfinal\debug\proyecto.3fb1c4bc.tlog\cl.write.1.tlog
c:\users\maria salas\source\repos\proyectoversionfinal\proyectoversionfinal\debug\proyecto.3fb1c4bc.tlog\link.command.1.tlog
c:\users\maria salas\source\repos\proyectoversionfinal\proyectoversionfinal\debug\proyecto.3fb1c4bc.tlog\link.read.1.tlog
c:\users\maria salas\source\repos\proyectoversionfinal\proyectoversionfinal\debug\proyecto.3fb1c4bc.tlog\link.write.1.tlog
